  Canscan.cpp
c:\program files (x86)\windows kits\10\include\10.0.15063.0\um\winnt.h(154): fatal error C1189: #error:  "No Target Architecture"
  ElmWindows.cpp
c:\program files (x86)\microsoft visual studio\2017\enterprise\vc\tools\msvc\14.11.25503\include\functional(558): error C2027: use of undefined type 'std::_Get_function_impl<_Fty>'
          with
          [
              _Fty=void
          ]
  c:\program files (x86)\microsoft visual studio\2017\enterprise\vc\tools\msvc\14.11.25503\include\functional(558): note: see declaration of 'std::_Get_function_impl<_Fty>'
          with
          [
              _Fty=void
          ]
  c:\dev\canscan\elmwindows.cpp(5): note: see reference to class template instantiation 'std::function<void>' being compiled
c:\program files (x86)\microsoft visual studio\2017\enterprise\vc\tools\msvc\14.11.25503\include\functional(559): error C2504: 'type': base class undefined
c:\program files (x86)\microsoft visual studio\2017\enterprise\vc\tools\msvc\14.11.25503\include\functional(561): error C2027: use of undefined type 'std::_Get_function_impl<_Fty>'
          with
          [
              _Fty=void
          ]
  c:\program files (x86)\microsoft visual studio\2017\enterprise\vc\tools\msvc\14.11.25503\include\functional(558): note: see declaration of 'std::_Get_function_impl<_Fty>'
          with
          [
              _Fty=void
          ]
c:\program files (x86)\microsoft visual studio\2017\enterprise\vc\tools\msvc\14.11.25503\include\functional(561): error C3646: '_Mybase': unknown override specifier
c:\program files (x86)\microsoft visual studio\2017\enterprise\vc\tools\msvc\14.11.25503\include\functional(561): error C4430: missing type specifier - int assumed. Note: C++ does not support default-int
  Generating Code...
